Using pre-set license
Built from '2020.3/staging' branch; Version is '2020.3.26f1 (7298b473bc1a) revision 7510196'; Using compiler version '192528614'; Build Type 'Release'
OS: 'Windows 10  (10.0.19043) 64bit CoreN' Language: 'pl' Physical Memory: 8134 MB
BatchMode: 1, IsHumanControllingUs: 0, StartBugReporterOnCrash: 0, Is64bit: 1, IsPro: 0

COMMAND LINE ARGUMENTS:
C:\Program Files\Unity\Hub\Editor\2020.3.26f1\Editor\Unity.exe
-adb2
-batchMode
-noUpm
-name
AssetImportWorker0
-projectPath
C:/Projekty unity/Minecraft-VR-Projekt/Minecraft projekt VR
-logFile
Logs/AssetImportWorker0.log
-srvPort
50299
Successfully changed project path to: C:/Projekty unity/Minecraft-VR-Projekt/Minecraft projekt VR
C:/Projekty unity/Minecraft-VR-Projekt/Minecraft projekt VR
Using Asset Import Pipeline V2.
Refreshing native plugins compatible for Editor in 159.70 ms, found 5 plugins.
Preloading 1 native plugins for Editor in 59.10 ms.
Initialize engine version: 2020.3.26f1 (7298b473bc1a)
[Subsystems] Discovering subsystems at path C:/Program Files/Unity/Hub/Editor/2020.3.26f1/Editor/Data/Resources/UnitySubsystems
[Subsystems] Discovering subsystems at path C:/Projekty unity/Minecraft-VR-Projekt/Minecraft projekt VR/Assets
GfxDevice: creating device client; threaded=0
Direct3D:
    Version:  Direct3D 11.0 [level 11.1]
    Renderer: AMD Radeon R9 200 Series (ID=0x6939)
    Vendor:   
    VRAM:     2023 MB
    Driver:   27.20.1034.6
Shader 'Oculus/OVRMRCameraFrameLit': fallback shader 'Alpha-Diffuse' not found
Initialize mono
Mono path[0] = 'C:/Program Files/Unity/Hub/Editor/2020.3.26f1/Editor/Data/Managed'
Mono path[1] = 'C:/Program Files/Unity/Hub/Editor/2020.3.26f1/Editor/Data/MonoBleedingEdge/lib/mono/unityjit'
Mono config path = 'C:/Program Files/Unity/Hub/Editor/2020.3.26f1/Editor/Data/MonoBleedingEdge/etc'
Using monoOptions --debugger-agent=transport=dt_socket,embedding=1,server=y,suspend=n,address=127.0.0.1:56044
Begin MonoManager ReloadAssembly
Registering precompiled unity dll's ...
Register platform support module: C:/Program Files/Unity/Hub/Editor/2020.3.26f1/Editor/Data/PlaybackEngines/WindowsStandaloneSupport/UnityEditor.WindowsStandalone.Extensions.dll
Registered in 0.003955 seconds.
Native extension for WindowsStandalone target not found
Refreshing native plugins compatible for Editor in 118.94 ms, found 5 plugins.
Preloading 1 native plugins for Editor in 0.24 ms.
Mono: successfully reloaded assembly
- Completed reload, in  1.283 seconds
Domain Reload Profiling:
	ReloadAssembly (1284ms)
		BeginReloadAssembly (116ms)
			ExecutionOrderSort (0ms)
			DisableScriptedObjects (0ms)
			BackupInstance (0ms)
			ReleaseScriptingObjects (0ms)
			CreateAndSetChildDomain (2ms)
		EndReloadAssembly (1011ms)
			LoadAssemblies (112ms)
			RebuildTransferFunctionScriptingTraits (0ms)
			SetupTypeCache (312ms)
			ReleaseScriptCaches (0ms)
			RebuildScriptCaches (58ms)
			SetupLoadedEditorAssemblies (413ms)
				LogAssemblyErrors (0ms)
				InitializePlatformSupportModulesInManaged (10ms)
				SetLoadedEditorAssemblies (1ms)
				RefreshPlugins (119ms)
				BeforeProcessingInitializeOnLoad (35ms)
				ProcessInitializeOnLoadAttributes (183ms)
				ProcessInitializeOnLoadMethodAttributes (64ms)
				AfterProcessingInitializeOnLoad (0ms)
				EditorAssembliesLoaded (0ms)
			ExecutionOrderSort2 (0ms)
			AwakeInstancesAfterBackupRestoration (0ms)
Platform modules already initialized, skipping
Registering precompiled user dll's ...
Registered in 0.011931 seconds.
Begin MonoManager ReloadAssembly
Native extension for WindowsStandalone target not found
Refreshing native plugins compatible for Editor in 1.75 ms, found 5 plugins.
Preloading 1 native plugins for Editor in 0.20 ms.
Mono: successfully reloaded assembly
- Completed reload, in  2.465 seconds
Domain Reload Profiling:
	ReloadAssembly (2468ms)
		BeginReloadAssembly (295ms)
			ExecutionOrderSort (0ms)
			DisableScriptedObjects (16ms)
			BackupInstance (0ms)
			ReleaseScriptingObjects (0ms)
			CreateAndSetChildDomain (36ms)
		EndReloadAssembly (2041ms)
			LoadAssemblies (255ms)
			RebuildTransferFunctionScriptingTraits (0ms)
			SetupTypeCache (690ms)
			ReleaseScriptCaches (1ms)
			RebuildScriptCaches (126ms)
			SetupLoadedEditorAssemblies (774ms)
				LogAssemblyErrors (0ms)
				InitializePlatformSupportModulesInManaged (11ms)
				SetLoadedEditorAssemblies (1ms)
				RefreshPlugins (2ms)
				BeforeProcessingInitializeOnLoad (201ms)
				ProcessInitializeOnLoadAttributes (513ms)
				ProcessInitializeOnLoadMethodAttributes (28ms)
				AfterProcessingInitializeOnLoad (17ms)
				EditorAssembliesLoaded (0ms)
			ExecutionOrderSort2 (0ms)
			AwakeInstancesAfterBackupRestoration (28ms)
Platform modules already initialized, skipping
========================================================================
Worker process is ready to serve import requests
Shader 'Oculus/OVRMRCameraFrameLit': fallback shader 'Alpha-Diffuse' not found
Launched and connected shader compiler UnityShaderCompiler.exe after 0.41 seconds
Refreshing native plugins compatible for Editor in 1.50 ms, found 5 plugins.
Preloading 1 native plugins for Editor in 0.19 ms.
Unloading 2868 Unused Serialized files (Serialized files now loaded: 0)
System memory in use before: 133.4 MB.
System memory in use after: 133.5 MB.

Unloading 45 unused Assets to reduce memory usage. Loaded Objects now: 3283.
Total: 5.568445 ms (FindLiveObjects: 0.537778 ms CreateObjectMapping: 0.143244 ms MarkObjects: 4.601423 ms  DeleteObjects: 0.280133 ms)

AssetImportParameters requested are different than current active one (requested -> active):
  custom:framework-win-MediaFoundation: 216162199b28c13a410421893ffa2e32 -> 
  custom:video-decoder-ogg-theora: a1e56fd34408186e4bbccfd4996cb3dc -> 
  custom:container-muxer-webm: aa71ff27fc2769a1b78a27578f13a17b -> 
  custom:container-demuxer-webm: 4f35f7cbe854078d1ac9338744f61a02 -> 
  custom:container-demuxer-ogg: 62fdf1f143b41e24485cea50d1cbac27 -> 
  custom:video-encoder-webm-vp8: eb34c28f22e8b96e1ab97ce403110664 -> 
  custom:video-decoder-webm-vp8: 9c59270c3fd7afecdb556c50c9e8de78 -> 
  custom:audio-decoder-ogg-vorbis: bf7c407c2cedff20999df2af8eb42d56 -> 
  custom:audio-encoder-webm-vorbis: bf7c407c2cedff20999df2af8eb42d56 -> 
========================================================================
Received Import Request.
  path: Assets/Oculus/Spatializer/scenes/Standard Assets/Character Controllers/Sources/PrototypeCharacter/Constructor.FBX
  artifactKey: Guid(449b48f7eb5d87a4baaa5fb73f875a59) Importer(815301076,1909f56bfc062723c751e8b465ee728b)
Start importing Assets/Oculus/Spatializer/scenes/Standard Assets/Character Controllers/Sources/PrototypeCharacter/Constructor.FBX using Guid(449b48f7eb5d87a4baaa5fb73f875a59) Importer(815301076,1909f56bfc062723c751e8b465ee728b)  -> (artifact id: '7be04313a74be7be64dec7af7f7448a2') in 1.288843 seconds 
  Import took 1.397649 seconds .

========================================================================
Received Import Request.
  Time since last request: 0.000382 seconds.
  path: Assets/Oculus/SampleFramework/Usage/SharedAssets/Models/window_01.fbx
  artifactKey: Guid(3db81a724e4894e27841d803d4a6bb56) Importer(815301076,1909f56bfc062723c751e8b465ee728b)
Start importing Assets/Oculus/SampleFramework/Usage/SharedAssets/Models/window_01.fbx using Guid(3db81a724e4894e27841d803d4a6bb56) Importer(815301076,1909f56bfc062723c751e8b465ee728b)  -> (artifact id: '92ab69dcfab7deced1b2f7b59c613773') in 0.564310 seconds 
  Import took 0.640620 seconds .

========================================================================
Received Import Request.
  Time since last request: 0.000455 seconds.
  path: Assets/Oculus/SampleFramework/Usage/HandsTrainExample/Models/TrainPalette.FBX
  artifactKey: Guid(bd0bb729cb6159b4ab21c5f62cad24ee) Importer(815301076,1909f56bfc062723c751e8b465ee728b)
Start importing Assets/Oculus/SampleFramework/Usage/HandsTrainExample/Models/TrainPalette.FBX using Guid(bd0bb729cb6159b4ab21c5f62cad24ee) Importer(815301076,1909f56bfc062723c751e8b465ee728b)  -> (artifact id: 'd9b6873511c7c2e936acda30b2044633') in 3.293419 seconds 
  Import took 3.346593 seconds .

========================================================================
Received Import Request.
  Time since last request: 40.677592 seconds.
  path: Assets/Block texture/New Material.mat
  artifactKey: Guid(8fd77573d224b324b8647a47b90dd321) Importer(815301076,1909f56bfc062723c751e8b465ee728b)
Start importing Assets/Block texture/New Material.mat using Guid(8fd77573d224b324b8647a47b90dd321) Importer(815301076,1909f56bfc062723c751e8b465ee728b)  -> (artifact id: '5bc6a894aa78df73705c481cb73fda12') in 0.066736 seconds 
  Import took 0.162841 seconds .

========================================================================
Received Import Request.
  Time since last request: 94.379485 seconds.
  path: Assets/Block texture/New Material.mat
  artifactKey: Guid(8fd77573d224b324b8647a47b90dd321) Importer(815301076,1909f56bfc062723c751e8b465ee728b)
Start importing Assets/Block texture/New Material.mat using Guid(8fd77573d224b324b8647a47b90dd321) Importer(815301076,1909f56bfc062723c751e8b465ee728b)  -> (artifact id: '96d8b161ab157014e95f183456e55847') in 0.024678 seconds 
  Import took 0.114944 seconds .

========================================================================
Received Import Request.
  Time since last request: 338.556329 seconds.
  path: Assets/Block texture/11635-v7.jpg
  artifactKey: Guid(0d5aff3c47432894a9f2097c2414fcb3) Importer(815301076,1909f56bfc062723c751e8b465ee728b)
Start importing Assets/Block texture/11635-v7.jpg using Guid(0d5aff3c47432894a9f2097c2414fcb3) Importer(815301076,1909f56bfc062723c751e8b465ee728b)  -> (artifact id: '8d77bddf515e1b62eb93f409cd78d826') in 0.150206 seconds 
  Import took 0.173535 seconds .

========================================================================
Received Import Request.
  Time since last request: 133.953888 seconds.
  path: Assets/Block texture/112-1126547_blocks-views-minecraft-wooden-plank-texture-clipart.png
  artifactKey: Guid(fb06cb4caacec9542ad920f850c95108) Importer(815301076,1909f56bfc062723c751e8b465ee728b)
Start importing Assets/Block texture/112-1126547_blocks-views-minecraft-wooden-plank-texture-clipart.png using Guid(fb06cb4caacec9542ad920f850c95108) Importer(815301076,1909f56bfc062723c751e8b465ee728b)  -> (artifact id: '908b9f8d708f2017b58c10a2df546810') in 0.061513 seconds 
  Import took 0.112223 seconds .

========================================================================
Received Import Request.
  Time since last request: 200.444123 seconds.
  path: ProjectSettings/TagManager.asset
  artifactKey: Guid(00000000000000003000000000000000) Importer(815301076,1909f56bfc062723c751e8b465ee728b)
Start importing ProjectSettings/TagManager.asset using Guid(00000000000000003000000000000000) Importer(815301076,1909f56bfc062723c751e8b465ee728b)  -> (artifact id: 'ce6a35c3cddc746e7501c0bd0ed6d4ce') in 0.020207 seconds 
  Import took 0.088148 seconds .

========================================================================
Received Import Request.
  Time since last request: 382.179785 seconds.
  path: Assets/Block texture/Materials/112-1126547_blocks-views-minecraft-wooden-plank-texture-clipart.mat
  artifactKey: Guid(28799feccaad03c4295f717f336d881f) Importer(815301076,1909f56bfc062723c751e8b465ee728b)
Start importing Assets/Block texture/Materials/112-1126547_blocks-views-minecraft-wooden-plank-texture-clipart.mat using Guid(28799feccaad03c4295f717f336d881f) Importer(815301076,1909f56bfc062723c751e8b465ee728b)  -> (artifact id: '2b5302baaaadf70d943af1afdf0874e8') in 0.040187 seconds 
  Import took 0.159348 seconds .

========================================================================
Received Import Request.
  Time since last request: 0.000477 seconds.
  path: Assets/Block texture/Materials/11635-v7.mat
  artifactKey: Guid(39fff8fc92bc9f846bb3d18dffdb79e8) Importer(815301076,1909f56bfc062723c751e8b465ee728b)
Start importing Assets/Block texture/Materials/11635-v7.mat using Guid(39fff8fc92bc9f846bb3d18dffdb79e8) Importer(815301076,1909f56bfc062723c751e8b465ee728b)  -> (artifact id: '012ba66c2c60702a780d6a8b73a8f70c') in 0.023570 seconds 
  Import took 0.112403 seconds .

========================================================================
Received Prepare
Registering precompiled user dll's ...
Registered in 0.020297 seconds.
Begin MonoManager ReloadAssembly
Native extension for WindowsStandalone target not found
Refreshing native plugins compatible for Editor in 2.06 ms, found 5 plugins.
Preloading 1 native plugins for Editor in 0.24 ms.
Mono: successfully reloaded assembly
- Completed reload, in  2.772 seconds
Domain Reload Profiling:
	ReloadAssembly (2773ms)
		BeginReloadAssembly (309ms)
			ExecutionOrderSort (0ms)
			DisableScriptedObjects (13ms)
			BackupInstance (0ms)
			ReleaseScriptingObjects (0ms)
			CreateAndSetChildDomain (92ms)
		EndReloadAssembly (2296ms)
			LoadAssemblies (278ms)
			RebuildTransferFunctionScriptingTraits (0ms)
			SetupTypeCache (810ms)
			ReleaseScriptCaches (2ms)
			RebuildScriptCaches (103ms)
			SetupLoadedEditorAssemblies (860ms)
				LogAssemblyErrors (0ms)
				InitializePlatformSupportModulesInManaged (13ms)
				SetLoadedEditorAssemblies (2ms)
				RefreshPlugins (2ms)
				BeforeProcessingInitializeOnLoad (220ms)
				ProcessInitializeOnLoadAttributes (572ms)
				ProcessInitializeOnLoadMethodAttributes (32ms)
				AfterProcessingInitializeOnLoad (18ms)
				EditorAssembliesLoaded (1ms)
			ExecutionOrderSort2 (0ms)
			AwakeInstancesAfterBackupRestoration (20ms)
Platform modules already initialized, skipping
Shader 'Oculus/OVRMRCameraFrameLit': fallback shader 'Alpha-Diffuse' not found
Refreshing native plugins compatible for Editor in 2.26 ms, found 5 plugins.
Preloading 1 native plugins for Editor in 0.24 ms.
Unloading 2752 Unused Serialized files (Serialized files now loaded: 0)
System memory in use before: 140.6 MB.
System memory in use after: 140.7 MB.

Unloading 41 unused Assets to reduce memory usage. Loaded Objects now: 3333.
Total: 7.520579 ms (FindLiveObjects: 0.756800 ms CreateObjectMapping: 0.493289 ms MarkObjects: 6.046090 ms  DeleteObjects: 0.216578 ms)

AssetImportParameters requested are different than current active one (requested -> active):
  custom:framework-win-MediaFoundation: 216162199b28c13a410421893ffa2e32 -> 
  custom:video-decoder-ogg-theora: a1e56fd34408186e4bbccfd4996cb3dc -> 
  custom:container-muxer-webm: aa71ff27fc2769a1b78a27578f13a17b -> 
  custom:container-demuxer-webm: 4f35f7cbe854078d1ac9338744f61a02 -> 
  custom:container-demuxer-ogg: 62fdf1f143b41e24485cea50d1cbac27 -> 
  custom:video-encoder-webm-vp8: eb34c28f22e8b96e1ab97ce403110664 -> 
  custom:video-decoder-webm-vp8: 9c59270c3fd7afecdb556c50c9e8de78 -> 
  custom:audio-decoder-ogg-vorbis: bf7c407c2cedff20999df2af8eb42d56 -> 
  custom:audio-encoder-webm-vorbis: bf7c407c2cedff20999df2af8eb42d56 -> 
========================================================================
Received Import Request.
  Time since last request: 621.581938 seconds.
  path: Assets/Block texture/Materials/New Material 3.mat
  artifactKey: Guid(b222cc84145e04843a65e00db213d86f) Importer(815301076,1909f56bfc062723c751e8b465ee728b)
Start importing Assets/Block texture/Materials/New Material 3.mat using Guid(b222cc84145e04843a65e00db213d86f) Importer(815301076,1909f56bfc062723c751e8b465ee728b)  -> (artifact id: '2e457e37a1d3e5bbb3f99ec59d1d2373') in 0.267013 seconds 
  Import took 0.338334 seconds .

========================================================================
Received Import Request.
  Time since last request: 108.372463 seconds.
  path: Assets/Scenes/Zombie.unity
  artifactKey: Guid(b041c2ec69a67c445baa253fba954a64) Importer(815301076,1909f56bfc062723c751e8b465ee728b)
Start importing Assets/Scenes/Zombie.unity using Guid(b041c2ec69a67c445baa253fba954a64) Importer(815301076,1909f56bfc062723c751e8b465ee728b)  -> (artifact id: 'e1fb1ee3b13761361847d3c39e76ae08') in 0.017607 seconds 
  Import took 0.249913 seconds .

========================================================================
Received Import Request.
  Time since last request: 92.156001 seconds.
  path: Assets/Block texture/Materials/New Material 3.mat
  artifactKey: Guid(b222cc84145e04843a65e00db213d86f) Importer(815301076,1909f56bfc062723c751e8b465ee728b)
Start importing Assets/Block texture/Materials/New Material 3.mat using Guid(b222cc84145e04843a65e00db213d86f) Importer(815301076,1909f56bfc062723c751e8b465ee728b)  -> (artifact id: '241cc7979eb660507fefec5bffb90fa3') in 0.112570 seconds 
  Import took 0.168154 seconds .

========================================================================
Received Import Request.
  Time since last request: 4.831961 seconds.
  path: Assets/Block texture/Materials/New Material 4.mat
  artifactKey: Guid(4c99d4e7c9b7754419a4f0d7737dc352) Importer(815301076,1909f56bfc062723c751e8b465ee728b)
Start importing Assets/Block texture/Materials/New Material 4.mat using Guid(4c99d4e7c9b7754419a4f0d7737dc352) Importer(815301076,1909f56bfc062723c751e8b465ee728b)  -> (artifact id: '4f0e39b027fb19cb3a8e42b3e9d41a20') in 0.034782 seconds 
  Import took 0.079668 seconds .

========================================================================
Received Import Request.
  Time since last request: 165.962275 seconds.
  path: ProjectSettings/TagManager.asset
  artifactKey: Guid(00000000000000003000000000000000) Importer(815301076,1909f56bfc062723c751e8b465ee728b)
Start importing ProjectSettings/TagManager.asset using Guid(00000000000000003000000000000000) Importer(815301076,1909f56bfc062723c751e8b465ee728b)  -> (artifact id: '31811cf9b313df060e68fd53aa1c028f') in 0.023097 seconds 
  Import took 0.358881 seconds .

========================================================================
Received Import Request.
  Time since last request: 43.725280 seconds.
  path: Assets/Oculus/Interaction/Samples/Objects/Props/BigRedButton/Materials/PodiumMat.mat
  artifactKey: Guid(62979fc50e1e7b741a1f414c9f992e5a) Importer(815301076,1909f56bfc062723c751e8b465ee728b)
Start importing Assets/Oculus/Interaction/Samples/Objects/Props/BigRedButton/Materials/PodiumMat.mat using Guid(62979fc50e1e7b741a1f414c9f992e5a) Importer(815301076,1909f56bfc062723c751e8b465ee728b)  -> (artifact id: '9615e44a61eefe718dc3f5ca473c55e3') in 1.074120 seconds 
  Import took 1.124587 seconds .

========================================================================
Received Import Request.
  Time since last request: 0.000515 seconds.
  path: Assets/Oculus/SampleFramework/Core/HandsInteraction/Materials/PokeMaterial.mat
  artifactKey: Guid(4f7fe89ad7fd14a4a9a5ebc776621cef) Importer(815301076,1909f56bfc062723c751e8b465ee728b)
Start importing Assets/Oculus/SampleFramework/Core/HandsInteraction/Materials/PokeMaterial.mat using Guid(4f7fe89ad7fd14a4a9a5ebc776621cef) Importer(815301076,1909f56bfc062723c751e8b465ee728b)  -> (artifact id: '39db1d8c9d67aae574d704fcbce50778') in 0.088419 seconds 
  Import took 0.135274 seconds .

========================================================================
Received Import Request.
  Time since last request: 0.000333 seconds.
  path: Assets/Oculus/SampleFramework/Usage/Passthrough/Materials/QuadOutline.mat
  artifactKey: Guid(8b121481a37d7bd40a103176d65df1ee) Importer(815301076,1909f56bfc062723c751e8b465ee728b)
Start importing Assets/Oculus/SampleFramework/Usage/Passthrough/Materials/QuadOutline.mat using Guid(8b121481a37d7bd40a103176d65df1ee) Importer(815301076,1909f56bfc062723c751e8b465ee728b)  -> (artifact id: 'b8824ead765083a2a1d4d8adc410345e') in 0.186642 seconds 
  Import took 0.223788 seconds .

========================================================================
Received Import Request.
  Time since last request: 0.000481 seconds.
  path: Assets/Oculus/Interaction/Samples/Fonts/Roboto-Medium SDF.asset
  artifactKey: Guid(b8f5aeb9c6de7614db2631011b869bc3) Importer(815301076,1909f56bfc062723c751e8b465ee728b)
Start importing Assets/Oculus/Interaction/Samples/Fonts/Roboto-Medium SDF.asset using Guid(b8f5aeb9c6de7614db2631011b869bc3) Importer(815301076,1909f56bfc062723c751e8b465ee728b)  -> (artifact id: '07a18a720fc5e35ef8297ce9571ee6c7') in 0.200606 seconds 
  Import took 0.243383 seconds .

========================================================================
Received Import Request.
  Time since last request: 0.000513 seconds.
  path: Assets/Oculus/SampleFramework/Core/TouchControllers/Materials/R_controller_MAT.mat
  artifactKey: Guid(14179725cf9421448b565469bfc84247) Importer(815301076,1909f56bfc062723c751e8b465ee728b)
Start importing Assets/Oculus/SampleFramework/Core/TouchControllers/Materials/R_controller_MAT.mat using Guid(14179725cf9421448b565469bfc84247) Importer(815301076,1909f56bfc062723c751e8b465ee728b)  -> (artifact id: 'e0e359990bd735c9917640b1bd024687') in 0.176360 seconds 
  Import took 0.265453 seconds .

========================================================================
Received Import Request.
  Time since last request: 0.000436 seconds.
  path: Assets/Oculus/SampleFramework/Usage/Passthrough/Materials/BackgroundSphere.mat
  artifactKey: Guid(039afe42ccf07934083540cfde4596f1) Importer(815301076,1909f56bfc062723c751e8b465ee728b)
Start importing Assets/Oculus/SampleFramework/Usage/Passthrough/Materials/BackgroundSphere.mat using Guid(039afe42ccf07934083540cfde4596f1) Importer(815301076,1909f56bfc062723c751e8b465ee728b)  -> (artifact id: '3fb6bc0a5a0c6ce8d2beb7349d26954b') in 0.060166 seconds 
  Import took 0.127234 seconds .

========================================================================
Received Import Request.
  Time since last request: 0.000454 seconds.
  path: Assets/Oculus/SampleFramework/Core/TouchControllers/Materials/R_controller_gloss_MAT.mat
  artifactKey: Guid(6dca398ec6487b142811f0497ed47f6d) Importer(815301076,1909f56bfc062723c751e8b465ee728b)
Start importing Assets/Oculus/SampleFramework/Core/TouchControllers/Materials/R_controller_gloss_MAT.mat using Guid(6dca398ec6487b142811f0497ed47f6d) Importer(815301076,1909f56bfc062723c751e8b465ee728b)  -> (artifact id: '0b50ec652c72263029cca1e830300509') in 0.438379 seconds 
  Import took 0.483927 seconds .

========================================================================
Received Import Request.
  Time since last request: 0.000347 seconds.
  path: Assets/Oculus/SampleFramework/Usage/SpatialAnchor/Materials/Red.mat
  artifactKey: Guid(0066bacc1d5fc4644948eaee1f667052) Importer(815301076,1909f56bfc062723c751e8b465ee728b)
Start importing Assets/Oculus/SampleFramework/Usage/SpatialAnchor/Materials/Red.mat using Guid(0066bacc1d5fc4644948eaee1f667052) Importer(815301076,1909f56bfc062723c751e8b465ee728b)  -> (artifact id: '499d8b5a89f0be77d3d77c3247e3da90') in 0.046576 seconds 
  Import took 0.072916 seconds .

========================================================================
Received Import Request.
  Time since last request: 0.000550 seconds.
  path: Assets/Oculus/VR/Materials/SelectionRay.mat
  artifactKey: Guid(02f4d91e963f1e74d8bee0002c24efe7) Importer(815301076,1909f56bfc062723c751e8b465ee728b)
Start importing Assets/Oculus/VR/Materials/SelectionRay.mat using Guid(02f4d91e963f1e74d8bee0002c24efe7) Importer(815301076,1909f56bfc062723c751e8b465ee728b)  -> (artifact id: 'eedc31f8683301d9794af206a571f681') in 0.045569 seconds 
  Import took 0.101798 seconds .

========================================================================
Received Import Request.
  Time since last request: 0.000446 seconds.
  path: Assets/Oculus/SampleFramework/Usage/Passthrough/Materials/Red.mat
  artifactKey: Guid(1a96f2c436c09b745985d5faf060545d) Importer(815301076,1909f56bfc062723c751e8b465ee728b)
Start importing Assets/Oculus/SampleFramework/Usage/Passthrough/Materials/Red.mat using Guid(1a96f2c436c09b745985d5faf060545d) Importer(815301076,1909f56bfc062723c751e8b465ee728b)  -> (artifact id: '10cadad5f2bb86a9fa998348d2b74a29') in 0.036299 seconds 
  Import took 0.125253 seconds .

========================================================================
Received Import Request.
  Time since last request: 0.000421 seconds.
  path: Assets/Oculus/VR/Materials/SelfieMat.mat
  artifactKey: Guid(8bad5fdcacc3848e08780239d9578531) Importer(815301076,1909f56bfc062723c751e8b465ee728b)
Start importing Assets/Oculus/VR/Materials/SelfieMat.mat using Guid(8bad5fdcacc3848e08780239d9578531) Importer(815301076,1909f56bfc062723c751e8b465ee728b)  -> (artifact id: 'a1ff3a9150243e403d73a3a843e246b8') in 0.056630 seconds 
  Import took 0.081490 seconds .

========================================================================
Received Import Request.
  Time since last request: 0.000431 seconds.
  path: Assets/Oculus/SampleFramework/Usage/Passthrough/Materials/SelectivePassthroughHands.mat
  artifactKey: Guid(b711286d46553614c8f4e2f88af54316) Importer(815301076,1909f56bfc062723c751e8b465ee728b)
Start importing Assets/Oculus/SampleFramework/Usage/Passthrough/Materials/SelectivePassthroughHands.mat using Guid(b711286d46553614c8f4e2f88af54316) Importer(815301076,1909f56bfc062723c751e8b465ee728b)  -> (artifact id: 'babf1e438891f5622348dd0cc177efb1') in 0.141359 seconds 
  Import took 0.170116 seconds .

========================================================================
Received Import Request.
  Time since last request: 0.000323 seconds.
  path: Assets/Oculus/SampleFramework/Usage/HandsTrainExample/Models/SelectionCylinder.fbx
  artifactKey: Guid(f167bd156a4b5ff4faf061ab4ce336cb) Importer(815301076,1909f56bfc062723c751e8b465ee728b)
Start importing Assets/Oculus/SampleFramework/Usage/HandsTrainExample/Models/SelectionCylinder.fbx using Guid(f167bd156a4b5ff4faf061ab4ce336cb) Importer(815301076,1909f56bfc062723c751e8b465ee728b)  -> (artifact id: '24d28423d01a6ae1a70c0e85b1187121') in 0.149717 seconds 
  Import took 0.157876 seconds .

========================================================================
Received Import Request.
  Time since last request: 0.000426 seconds.
  path: Assets/Oculus/VR/Materials/SelfieImage.mat
  artifactKey: Guid(52ef173c94de14120b0d05f281d20054) Importer(815301076,1909f56bfc062723c751e8b465ee728b)
Start importing Assets/Oculus/VR/Materials/SelfieImage.mat using Guid(52ef173c94de14120b0d05f281d20054) Importer(815301076,1909f56bfc062723c751e8b465ee728b)  -> (artifact id: '087d4dfece0eb573d48e7593afa567bb') in 0.118998 seconds 
  Import took 0.140733 seconds .

========================================================================
Received Import Request.
  Time since last request: 0.000331 seconds.
  path: Assets/Oculus/SampleFramework/Core/HandsInteraction/Materials/RayMaterial.mat
  artifactKey: Guid(0b157fd34da92084a8cf68f92d515504) Importer(815301076,1909f56bfc062723c751e8b465ee728b)
Start importing Assets/Oculus/SampleFramework/Core/HandsInteraction/Materials/RayMaterial.mat using Guid(0b157fd34da92084a8cf68f92d515504) Importer(815301076,1909f56bfc062723c751e8b465ee728b)  -> (artifact id: 'eeb62c32a0a8422329663ec2ac38d908') in 0.075127 seconds 
  Import took 0.082518 seconds .

========================================================================
Received Import Request.
  Time since last request: 0.000412 seconds.
  path: Assets/Oculus/SampleFramework/Usage/HandsTrainExample/Materials/PropMaterial.mat
  artifactKey: Guid(38890965fd4d8414facf4aebde878c8b) Importer(815301076,1909f56bfc062723c751e8b465ee728b)
Start importing Assets/Oculus/SampleFramework/Usage/HandsTrainExample/Materials/PropMaterial.mat using Guid(38890965fd4d8414facf4aebde878c8b) Importer(815301076,1909f56bfc062723c751e8b465ee728b)  -> (artifact id: '12ca2b64cd4eac3133787103518a9db3') in 0.386892 seconds 
  Import took 0.421015 seconds .

========================================================================
Received Import Request.
  Time since last request: 0.000384 seconds.
  path: Assets/Oculus/Interaction/Samples/Materials/HandStopParticle.mat
  artifactKey: Guid(e42185d31895c2d4cbbcd05d29a4c115) Importer(815301076,1909f56bfc062723c751e8b465ee728b)
Start importing Assets/Oculus/Interaction/Samples/Materials/HandStopParticle.mat using Guid(e42185d31895c2d4cbbcd05d29a4c115) Importer(815301076,1909f56bfc062723c751e8b465ee728b)  -> (artifact id: '8791fdf23d80093b58e287ab8c654e05') in 0.102330 seconds 
  Import took 0.173529 seconds .

========================================================================
Received Import Request.
  Time since last request: 0.000340 seconds.
  path: Assets/Oculus/VR/Meshes/OculusTouchForRift/left_touch_controller_model_skel.fbx
  artifactKey: Guid(c3ba18e9fa5e9104098cbdbb3e23a5b4) Importer(815301076,1909f56bfc062723c751e8b465ee728b)
Start importing Assets/Oculus/VR/Meshes/OculusTouchForRift/left_touch_controller_model_skel.fbx using Guid(c3ba18e9fa5e9104098cbdbb3e23a5b4) Importer(815301076,1909f56bfc062723c751e8b465ee728b)  -> (artifact id: 'fa47f4186654b44a3cf6a27c17cdf6e3') in 1.853396 seconds 
  Import took 1.915458 seconds .

========================================================================
Received Import Request.
  Time since last request: 0.000384 seconds.
  path: Assets/Oculus/SampleFramework/Usage/Passthrough/Materials/PassthroughBrushStroke.mat
  artifactKey: Guid(0ff7438fe513d7e4295f6ec9b5b623d7) Importer(815301076,1909f56bfc062723c751e8b465ee728b)
Start importing Assets/Oculus/SampleFramework/Usage/Passthrough/Materials/PassthroughBrushStroke.mat using Guid(0ff7438fe513d7e4295f6ec9b5b623d7) Importer(815301076,1909f56bfc062723c751e8b465ee728b)  -> (artifact id: '0b2134d794a6edf85459d6c6ac9904f5') in 0.132263 seconds 
  Import took 0.140030 seconds .

========================================================================
Received Import Request.
  Time since last request: 0.000402 seconds.
  path: Assets/Oculus/SampleFramework/Usage/SpatialAnchor/Materials/Passthrough.mat
  artifactKey: Guid(e5462914f0e0ad646bd4fdabf728279c) Importer(815301076,1909f56bfc062723c751e8b465ee728b)
Start importing Assets/Oculus/SampleFramework/Usage/SpatialAnchor/Materials/Passthrough.mat using Guid(e5462914f0e0ad646bd4fdabf728279c) Importer(815301076,1909f56bfc062723c751e8b465ee728b)  -> (artifact id: 'f519adf0862778a6a1b8b006d8c02f74') in 0.116777 seconds 
  Import took 0.188345 seconds .

========================================================================
Received Import Request.
  Time since last request: 0.000348 seconds.
  path: Assets/Oculus/VR/Meshes/OculusTouchForQuestAndRiftS/Materials/OculusTouchForQuestAndRiftS_Material.mat
  artifactKey: Guid(01ac879f6ce09924e9c26663f798beaf) Importer(815301076,1909f56bfc062723c751e8b465ee728b)
Start importing Assets/Oculus/VR/Meshes/OculusTouchForQuestAndRiftS/Materials/OculusTouchForQuestAndRiftS_Material.mat using Guid(01ac879f6ce09924e9c26663f798beaf) Importer(815301076,1909f56bfc062723c751e8b465ee728b)  -> (artifact id: '704f88e0766835ba37a05653bd5d8ae3') in 0.258303 seconds 
  Import took 0.299787 seconds .

========================================================================
Received Import Request.
  Time since last request: 0.000294 seconds.
  path: Assets/Oculus/SampleFramework/Core/TouchControllers/Materials/R_controller_DIF.mat
  artifactKey: Guid(7842888294a7e0e4ea4d15e9f8eb2650) Importer(815301076,1909f56bfc062723c751e8b465ee728b)
Start importing Assets/Oculus/SampleFramework/Core/TouchControllers/Materials/R_controller_DIF.mat using Guid(7842888294a7e0e4ea4d15e9f8eb2650) Importer(815301076,1909f56bfc062723c751e8b465ee728b)  -> (artifact id: 'eed18acb7045e195931f3b55d1f8c2d3') in 0.281992 seconds 
  Import took 0.290714 seconds .

========================================================================
Received Import Request.
  Time since last request: 0.000399 seconds.
  path: Assets/Oculus/Spatializer/scenes/Standard Assets/Character Controllers/Sources/PrototypeCharacter/Materials/constructor_done.mat
  artifactKey: Guid(ca49380a71a2bb64c830d06bd421b9d1) Importer(815301076,1909f56bfc062723c751e8b465ee728b)
Start importing Assets/Oculus/Spatializer/scenes/Standard Assets/Character Controllers/Sources/PrototypeCharacter/Materials/constructor_done.mat using Guid(ca49380a71a2bb64c830d06bd421b9d1) Importer(815301076,1909f56bfc062723c751e8b465ee728b)  -> (artifact id: 'f485e71937ad0f1c736c0dc22c22aa7e') in 0.075951 seconds 
  Import took 0.096759 seconds .

========================================================================
Received Import Request.
  Time since last request: 0.000522 seconds.
  path: Assets/Oculus/SampleFramework/Usage/Passthrough/Materials/SignGlow.mat
  artifactKey: Guid(4987a147e31e8044ea7e0762e6f1780a) Importer(815301076,1909f56bfc062723c751e8b465ee728b)
Start importing Assets/Oculus/SampleFramework/Usage/Passthrough/Materials/SignGlow.mat using Guid(4987a147e31e8044ea7e0762e6f1780a) Importer(815301076,1909f56bfc062723c751e8b465ee728b)  -> (artifact id: 'f220d7a6fda0b552896b4c90d054af71') in 0.049055 seconds 
  Import took 0.086339 seconds .

========================================================================
Received Import Request.
  Time since last request: 0.000444 seconds.
  path: Assets/Oculus/Interaction/Samples/Objects/Environment/Screen/Materials/ScreenMaterial.mat
  artifactKey: Guid(e5fb989c2cb62ef468f6537caf5190f2) Importer(815301076,1909f56bfc062723c751e8b465ee728b)
Start importing Assets/Oculus/Interaction/Samples/Objects/Environment/Screen/Materials/ScreenMaterial.mat using Guid(e5fb989c2cb62ef468f6537caf5190f2) Importer(815301076,1909f56bfc062723c751e8b465ee728b)  -> (artifact id: '5cca3ca477a1843cc630257894913f3c') in 0.141201 seconds 
  Import took 0.180812 seconds .

========================================================================
Received Import Request.
  Time since last request: 0.000293 seconds.
  path: Assets/Oculus/SampleFramework/Core/CustomHands/Materials/Hands_striped.mat
  artifactKey: Guid(2053692007a444b4298a3c679f98a1ce) Importer(815301076,1909f56bfc062723c751e8b465ee728b)
Start importing Assets/Oculus/SampleFramework/Core/CustomHands/Materials/Hands_striped.mat using Guid(2053692007a444b4298a3c679f98a1ce) Importer(815301076,1909f56bfc062723c751e8b465ee728b)  -> (artifact id: 'd00883ad598aa79dbdc34cb675ebb930') in 0.206006 seconds 
  Import took 0.228908 seconds .

========================================================================
Received Import Request.
  Time since last request: 0.000386 seconds.
  path: Assets/Oculus/Interaction/Samples/Fonts/Roboto-Regular SDF.asset
  artifactKey: Guid(fc41d5815b9a5bb48be4c84a746c4ff6) Importer(815301076,1909f56bfc062723c751e8b465ee728b)
Start importing Assets/Oculus/Interaction/Samples/Fonts/Roboto-Regular SDF.asset using Guid(fc41d5815b9a5bb48be4c84a746c4ff6) Importer(815301076,1909f56bfc062723c751e8b465ee728b)  -> (artifact id: '25ff65c8417a8878a335e1bac7a3c4a0') in 0.076399 seconds 
  Import took 0.137261 seconds .

========================================================================
Received Import Request.
  Time since last request: 0.000454 seconds.
  path: Assets/Oculus/SampleFramework/Usage/HandsTrainExample/Materials/SelectionCylinderBase.mat
  artifactKey: Guid(12d9a49768b575643a552c2ce6fdc26e) Importer(815301076,1909f56bfc062723c751e8b465ee728b)
Start importing Assets/Oculus/SampleFramework/Usage/HandsTrainExample/Materials/SelectionCylinderBase.mat using Guid(12d9a49768b575643a552c2ce6fdc26e) Importer(815301076,1909f56bfc062723c751e8b465ee728b)  -> (artifact id: 'de1c98866fac5b23572a4d4ad86c4e00') in 0.125067 seconds 
  Import took 0.167696 seconds .

========================================================================
Received Import Request.
  Time since last request: 0.000311 seconds.
  path: Assets/Oculus/SampleFramework/Usage/Passthrough/Materials/SelectivePassthroughSoft.mat
  artifactKey: Guid(ddbf76a20fa22a14a83e42283bde1eb8) Importer(815301076,1909f56bfc062723c751e8b465ee728b)
Start importing Assets/Oculus/SampleFramework/Usage/Passthrough/Materials/SelectivePassthroughSoft.mat using Guid(ddbf76a20fa22a14a83e42283bde1eb8) Importer(815301076,1909f56bfc062723c751e8b465ee728b)  -> (artifact id: '4928b02b9a7d3e40b2b31009f88a05f1') in 0.099694 seconds 
  Import took 0.110498 seconds .

========================================================================
Received Import Request.
  Time since last request: 0.000629 seconds.
  path: Assets/Oculus/SampleFramework/Core/CustomHands/Materials/Hands_transparent.mat
  artifactKey: Guid(944feb076639a4d39b750e3cb5d7dfab) Importer(815301076,1909f56bfc062723c751e8b465ee728b)
Start importing Assets/Oculus/SampleFramework/Core/CustomHands/Materials/Hands_transparent.mat using Guid(944feb076639a4d39b750e3cb5d7dfab) Importer(815301076,1909f56bfc062723c751e8b465ee728b)  -> (artifact id: '05f1ec20f73c97e905c4a55212c9f2d8') in 0.249158 seconds 
  Import took 0.317291 seconds .

========================================================================
Received Import Request.
  Time since last request: 0.000350 seconds.
  path: Assets/Oculus/Interaction/Samples/Materials/RockParticle.mat
  artifactKey: Guid(31ff569f83d7a3b46b1d8a0a65000e8d) Importer(815301076,1909f56bfc062723c751e8b465ee728b)
Start importing Assets/Oculus/Interaction/Samples/Materials/RockParticle.mat using Guid(31ff569f83d7a3b46b1d8a0a65000e8d) Importer(815301076,1909f56bfc062723c751e8b465ee728b)  -> (artifact id: '69af2722105d2114ffa3b1c401caa875') in 0.067280 seconds 
  Import took 0.131701 seconds .

========================================================================
Received Import Request.
  Time since last request: 0.000390 seconds.
  path: Assets/Oculus/SampleFramework/Usage/HandsTrainExample/Materials/SelectionCylinder.mat
  artifactKey: Guid(31cce59a5784d22409cb8fc86a99f275) Importer(815301076,1909f56bfc062723c751e8b465ee728b)
Start importing Assets/Oculus/SampleFramework/Usage/HandsTrainExample/Materials/SelectionCylinder.mat using Guid(31cce59a5784d22409cb8fc86a99f275) Importer(815301076,1909f56bfc062723c751e8b465ee728b)  -> (artifact id: '95c579b11fb12936673670c175ad5880') in 0.064304 seconds 
  Import took 0.085827 seconds .

========================================================================
Received Import Request.
  Time since last request: 0.000341 seconds.
  path: Assets/Oculus/Interaction/Samples/Fonts/Roboto-Bold SDF.asset
  artifactKey: Guid(a6446991ef31ced4190c53c206cf4b3e) Importer(815301076,1909f56bfc062723c751e8b465ee728b)
Start importing Assets/Oculus/Interaction/Samples/Fonts/Roboto-Bold SDF.asset using Guid(a6446991ef31ced4190c53c206cf4b3e) Importer(815301076,1909f56bfc062723c751e8b465ee728b)  -> (artifact id: '43b3fd14515d7a1940fd04dd288f9a11') in 0.089538 seconds 
  Import took 0.130697 seconds .

========================================================================
Received Import Request.
  Time since last request: 0.000383 seconds.
  path: Assets/Oculus/Interaction/Runtime/Materials/GrabDebugSphere.mat
  artifactKey: Guid(f4b49debff9d269449879fc6f5991a83) Importer(815301076,1909f56bfc062723c751e8b465ee728b)
Start importing Assets/Oculus/Interaction/Runtime/Materials/GrabDebugSphere.mat using Guid(f4b49debff9d269449879fc6f5991a83) Importer(815301076,1909f56bfc062723c751e8b465ee728b)  -> (artifact id: '06c74554f1418adaa1d7c26c38f758ec') in 0.098106 seconds 
  Import took 0.221466 seconds .

========================================================================
Received Import Request.
  Time since last request: 0.000444 seconds.
  path: Assets/Oculus/Interaction/Samples/Materials/ScissorsParticle.mat
  artifactKey: Guid(f934f6827b1ed7947bc334bd556ecf5c) Importer(815301076,1909f56bfc062723c751e8b465ee728b)
Start importing Assets/Oculus/Interaction/Samples/Materials/ScissorsParticle.mat using Guid(f934f6827b1ed7947bc334bd556ecf5c) Importer(815301076,1909f56bfc062723c751e8b465ee728b)  -> (artifact id: '6c83229e8dfd80e50b9a377ee229da22') in 0.069155 seconds 
  Import took 0.103171 seconds .

========================================================================
Received Import Request.
  Time since last request: 0.000444 seconds.
  path: Assets/Oculus/Interaction/Runtime/Materials/RoundedBoxUnlit.mat
  artifactKey: Guid(d9665615562752448b5140038771d26c) Importer(815301076,1909f56bfc062723c751e8b465ee728b)
Start importing Assets/Oculus/Interaction/Runtime/Materials/RoundedBoxUnlit.mat using Guid(d9665615562752448b5140038771d26c) Importer(815301076,1909f56bfc062723c751e8b465ee728b)  -> (artifact id: '438c9a85fc20adf6654e3356a02c1c3b') in 0.149366 seconds 
  Import took 0.157563 seconds .

========================================================================
Received Import Request.
  Time since last request: 0.000342 seconds.
  path: Assets/Oculus/SampleFramework/Usage/Passthrough/Materials/SelectivePassthroughHandsSoft.mat
  artifactKey: Guid(9ac2dd4377e3574419fe3770f75af95a) Importer(815301076,1909f56bfc062723c751e8b465ee728b)
Start importing Assets/Oculus/SampleFramework/Usage/Passthrough/Materials/SelectivePassthroughHandsSoft.mat using Guid(9ac2dd4377e3574419fe3770f75af95a) Importer(815301076,1909f56bfc062723c751e8b465ee728b)  -> (artifact id: 'bab425fe3d2789de404e330b2ae49830') in 0.059023 seconds 
  Import took 0.069099 seconds .

========================================================================
Received Import Request.
  Time since last request: 0.000382 seconds.
  path: Assets/Oculus/VR/Meshes/OculusTouchForQuest2/Materials/OculusTouchForQuest2_MAT.mat
  artifactKey: Guid(d7292a5e1ae17a64c95f3081d2c6be5a) Importer(815301076,1909f56bfc062723c751e8b465ee728b)
Start importing Assets/Oculus/VR/Meshes/OculusTouchForQuest2/Materials/OculusTouchForQuest2_MAT.mat using Guid(d7292a5e1ae17a64c95f3081d2c6be5a) Importer(815301076,1909f56bfc062723c751e8b465ee728b)  -> (artifact id: '709a54f8fbdfed191192aac7cda0325a') in 0.142134 seconds 
  Import took 0.150782 seconds .

========================================================================
Received Import Request.
  Time since last request: 0.000367 seconds.
  path: Assets/Oculus/Voice/Demo/Materials/Shapes.mat
  artifactKey: Guid(bc0300e976173994a92b5e91881aeaad) Importer(815301076,1909f56bfc062723c751e8b465ee728b)
Start importing Assets/Oculus/Voice/Demo/Materials/Shapes.mat using Guid(bc0300e976173994a92b5e91881aeaad) Importer(815301076,1909f56bfc062723c751e8b465ee728b)  -> (artifact id: '084798ef7f3eabacc88a6610b77ff882') in 0.055147 seconds 
  Import took 0.109328 seconds .

========================================================================
Received Import Request.
  Time since last request: 0.000502 seconds.
  path: Assets/Oculus/VR/Meshes/OculusTouchForRift/Materials/OculusTouchForRift_Material.mat
  artifactKey: Guid(eacafe280fdfa6a44845c135057ae6a5) Importer(815301076,1909f56bfc062723c751e8b465ee728b)
Start importing Assets/Oculus/VR/Meshes/OculusTouchForRift/Materials/OculusTouchForRift_Material.mat using Guid(eacafe280fdfa6a44845c135057ae6a5) Importer(815301076,1909f56bfc062723c751e8b465ee728b)  -> (artifact id: '0148134431d1abff1553fcb3f1a88490') in 0.034938 seconds 
  Import took 0.042880 seconds .

========================================================================
Received Import Request.
  Time since last request: 0.000295 seconds.
  path: Assets/Oculus/LipSync/Models/FemaleHead_Morph/Materials/shirt.mat
  artifactKey: Guid(0ad01ecbcffbb4c91af7ffa1ebc14f74) Importer(815301076,1909f56bfc062723c751e8b465ee728b)
Start importing Assets/Oculus/LipSync/Models/FemaleHead_Morph/Materials/shirt.mat using Guid(0ad01ecbcffbb4c91af7ffa1ebc14f74) Importer(815301076,1909f56bfc062723c751e8b465ee728b)  -> (artifact id: 'd2cf459f6b8ee9a1dd61b6b528bceca4') in 0.053308 seconds 
  Import took 0.135277 seconds .

========================================================================
Received Import Request.
  Time since last request: 0.000373 seconds.
  path: Assets/Oculus/SampleFramework/Usage/Passthrough/Materials/SelectivePassthrough.mat
  artifactKey: Guid(f7f0c9cf841119946914d0d30670867a) Importer(815301076,1909f56bfc062723c751e8b465ee728b)
Start importing Assets/Oculus/SampleFramework/Usage/Passthrough/Materials/SelectivePassthrough.mat using Guid(f7f0c9cf841119946914d0d30670867a) Importer(815301076,1909f56bfc062723c751e8b465ee728b)  -> (artifact id: 'f25bed856e068c15ba264b8aeb096b17') in 0.033678 seconds 
  Import took 0.041316 seconds .

========================================================================
Received Import Request.
  Time since last request: 165.218894 seconds.
  path: Assets/Block texture/Materials/New Material 5.mat
  artifactKey: Guid(173ba7b3e90f6da488ec3a30327d4766) Importer(815301076,1909f56bfc062723c751e8b465ee728b)
Start importing Assets/Block texture/Materials/New Material 5.mat using Guid(173ba7b3e90f6da488ec3a30327d4766) Importer(815301076,1909f56bfc062723c751e8b465ee728b)  -> (artifact id: '69b8737d8c0807d5c4c6650fcf934085') in 0.023276 seconds 
  Import took 0.031478 seconds .

========================================================================
Received Import Request.
  Time since last request: 252.674668 seconds.
  path: Assets/Block texture/Materials/New Material 4.mat
  artifactKey: Guid(4c99d4e7c9b7754419a4f0d7737dc352) Importer(815301076,1909f56bfc062723c751e8b465ee728b)
Start importing Assets/Block texture/Materials/New Material 4.mat using Guid(4c99d4e7c9b7754419a4f0d7737dc352) Importer(815301076,1909f56bfc062723c751e8b465ee728b)  -> (artifact id: 'ec005b11a1c391b338042f6db18ab2d7') in 0.027587 seconds 
  Import took 0.089625 seconds .

========================================================================
Received Import Request.
  Time since last request: 0.000501 seconds.
  path: Assets/Block texture/Materials/New Material.mat
  artifactKey: Guid(287b6a9f293d85841b5d9f508386ea5a) Importer(815301076,1909f56bfc062723c751e8b465ee728b)
Start importing Assets/Block texture/Materials/New Material.mat using Guid(287b6a9f293d85841b5d9f508386ea5a) Importer(815301076,1909f56bfc062723c751e8b465ee728b)  -> (artifact id: 'c287da2b7f56deaffdaacd9a3a08c33b') in 0.035984 seconds 
  Import took 0.045011 seconds .

========================================================================
Received Prepare
Registering precompiled user dll's ...
Registered in 0.338719 seconds.
Begin MonoManager ReloadAssembly
Native extension for WindowsStandalone target not found
Refreshing native plugins compatible for Editor in 1.67 ms, found 5 plugins.
Preloading 1 native plugins for Editor in 0.43 ms.
Mono: successfully reloaded assembly
- Completed reload, in  2.421 seconds
Domain Reload Profiling:
	ReloadAssembly (2422ms)
		BeginReloadAssembly (229ms)
			ExecutionOrderSort (0ms)
			DisableScriptedObjects (9ms)
			BackupInstance (0ms)
			ReleaseScriptingObjects (0ms)
			CreateAndSetChildDomain (69ms)
		EndReloadAssembly (2062ms)
			LoadAssemblies (196ms)
			RebuildTransferFunctionScriptingTraits (0ms)
			SetupTypeCache (625ms)
			ReleaseScriptCaches (2ms)
			RebuildScriptCaches (75ms)
			SetupLoadedEditorAssemblies (988ms)
				LogAssemblyErrors (0ms)
				InitializePlatformSupportModulesInManaged (10ms)
				SetLoadedEditorAssemblies (1ms)
				RefreshPlugins (2ms)
				BeforeProcessingInitializeOnLoad (166ms)
				ProcessInitializeOnLoadAttributes (776ms)
				ProcessInitializeOnLoadMethodAttributes (19ms)
				AfterProcessingInitializeOnLoad (13ms)
				EditorAssembliesLoaded (1ms)
			ExecutionOrderSort2 (0ms)
			AwakeInstancesAfterBackupRestoration (14ms)
Platform modules already initialized, skipping
Shader 'Oculus/OVRMRCameraFrameLit': fallback shader 'Alpha-Diffuse' not found
Refreshing native plugins compatible for Editor in 1.73 ms, found 5 plugins.
Preloading 1 native plugins for Editor in 0.19 ms.
Unloading 2752 Unused Serialized files (Serialized files now loaded: 0)
System memory in use before: 141.6 MB.
System memory in use after: 141.8 MB.

Unloading 41 unused Assets to reduce memory usage. Loaded Objects now: 3345.
Total: 5.434001 ms (FindLiveObjects: 0.514800 ms CreateObjectMapping: 0.160844 ms MarkObjects: 4.527112 ms  DeleteObjects: 0.224400 ms)

AssetImportParameters requested are different than current active one (requested -> active):
  custom:framework-win-MediaFoundation: 216162199b28c13a410421893ffa2e32 -> 
  custom:video-decoder-ogg-theora: a1e56fd34408186e4bbccfd4996cb3dc -> 
  custom:container-muxer-webm: aa71ff27fc2769a1b78a27578f13a17b -> 
  custom:container-demuxer-webm: 4f35f7cbe854078d1ac9338744f61a02 -> 
  custom:container-demuxer-ogg: 62fdf1f143b41e24485cea50d1cbac27 -> 
  custom:video-encoder-webm-vp8: eb34c28f22e8b96e1ab97ce403110664 -> 
  custom:video-decoder-webm-vp8: 9c59270c3fd7afecdb556c50c9e8de78 -> 
  custom:audio-decoder-ogg-vorbis: bf7c407c2cedff20999df2af8eb42d56 -> 
  custom:audio-encoder-webm-vorbis: bf7c407c2cedff20999df2af8eb42d56 -> 
========================================================================
Received Import Request.
  Time since last request: 451.615014 seconds.
  path: Assets/Block texture/Materials/Materials/e9904cdb30314092a60f1ec18711bbbf.jpg
  artifactKey: Guid(febc1a75d32a8224ba1e9aa4c239fe01) Importer(815301076,1909f56bfc062723c751e8b465ee728b)
Start importing Assets/Block texture/Materials/Materials/e9904cdb30314092a60f1ec18711bbbf.jpg using Guid(febc1a75d32a8224ba1e9aa4c239fe01) Importer(815301076,1909f56bfc062723c751e8b465ee728b)  -> (artifact id: 'afa209ea7d55a6ecdae1b56750bdee25') in 0.388579 seconds 
  Import took 0.438040 seconds .

========================================================================
Received Import Request.
  Time since last request: 6.227202 seconds.
  path: Assets/Block texture/Materials/Materials/New Material 1.mat
  artifactKey: Guid(8bd2b4e81ab94f84f8f2c64f588f6c18) Importer(815301076,1909f56bfc062723c751e8b465ee728b)
Start importing Assets/Block texture/Materials/Materials/New Material 1.mat using Guid(8bd2b4e81ab94f84f8f2c64f588f6c18) Importer(815301076,1909f56bfc062723c751e8b465ee728b)  -> (artifact id: '959a32eca65c55ce61c60ea22a67bf6f') in 0.088393 seconds 
  Import took 0.338897 seconds .

========================================================================
Received Import Request.
  Time since last request: 358.769028 seconds.
  path: Assets/Block texture/Materials/Materials/New Material 1.mat
  artifactKey: Guid(8bd2b4e81ab94f84f8f2c64f588f6c18) Importer(815301076,1909f56bfc062723c751e8b465ee728b)
Start importing Assets/Block texture/Materials/Materials/New Material 1.mat using Guid(8bd2b4e81ab94f84f8f2c64f588f6c18) Importer(815301076,1909f56bfc062723c751e8b465ee728b)  -> (artifact id: '1797b4025f246f42aca547e939985130') in 0.022199 seconds 
  Import took 0.139484 seconds .

========================================================================
Received Import Request.
  Time since last request: 66.902511 seconds.
  path: Assets/Block texture/Materials/Materials/New Material 2.mat
  artifactKey: Guid(8f08f12463c22f242b871d94615ca3d4) Importer(815301076,1909f56bfc062723c751e8b465ee728b)
Start importing Assets/Block texture/Materials/Materials/New Material 2.mat using Guid(8f08f12463c22f242b871d94615ca3d4) Importer(815301076,1909f56bfc062723c751e8b465ee728b)  -> (artifact id: '9e6e5af8364a6286ecf9c5c8ddf951d1') in 0.037434 seconds 
  Import took 0.157255 seconds .

========================================================================
Received Import Request.
  Time since last request: 183.396881 seconds.
  path: Assets/Block texture/Materials/Materials/New Material 2.mat
  artifactKey: Guid(8f08f12463c22f242b871d94615ca3d4) Importer(815301076,1909f56bfc062723c751e8b465ee728b)
Start importing Assets/Block texture/Materials/Materials/New Material 2.mat using Guid(8f08f12463c22f242b871d94615ca3d4) Importer(815301076,1909f56bfc062723c751e8b465ee728b)  -> (artifact id: 'e25d60b74cb5eca7073cb626685d5e08') in 0.025330 seconds 
  Import took 0.139170 seconds .

AssetImportWorkerClient::OnTransportError - code=2 error=End of file
